{
  "RSpec": {
    "coverage": {
      "/mnt/storage1/users/s/so/soa40/Work/NI/app/models/research_effort.rb": [
        1,
        1,
        2,
        2,
        0,
        0,
        0,
        0,
        0,
        null,
        0,
        null,
        0,
        null,
        null,
        2,
        null,
        null,
        null,
        null,
        null,
        1,
        null,
        1,
        1,
        1,
        1,
        1,
        1,
        1,
        1,
        1,
        1,
        1,
        1,
        1,
        1,
        null,
        null,
        null,
        null,
        1,
        null,
        1,
        null,
        1,
        2,
        0,
        0,
        null,
        0,
        null,
        null,
        2,
        null,
        null,
        null
      ],
      "/mnt/storage1/users/s/so/soa40/Work/NI/app/models/state_program.rb": [
        1,
        1,
        1,
        1,
        null
      ]
    },
    "timestamp": 1415370762
  }
}
